[debug] [2020-03-28T14:12:40.024Z] ----------------------------------------------------------------------
[debug] [2020-03-28T14:12:40.026Z] Command:       C:\Program Files\nodejs\node.exe C:\Users\admin\AppData\Roaming\npm\node_modules\firebase-tools\lib\bin\firebase.js emulators:start --only functions
[debug] [2020-03-28T14:12:40.026Z] CLI Version:   7.16.0
[debug] [2020-03-28T14:12:40.026Z] Platform:      win32
[debug] [2020-03-28T14:12:40.026Z] Node Version:  v13.11.0
[debug] [2020-03-28T14:12:40.030Z] Time:          Sat Mar 28 2020 09:12:40 GMT-0500 (Central Daylight Time)
[debug] [2020-03-28T14:12:40.030Z] ----------------------------------------------------------------------
[debug] [2020-03-28T14:12:40.030Z] 
[debug] [2020-03-28T14:12:40.041Z] > command requires scopes: ["email","openid","https://www.googleapis.com/auth/cloudplatformprojects.readonly","https://www.googleapis.com/auth/firebase","https://www.googleapis.com/auth/cloud-platform"]
[debug] [2020-03-28T14:12:40.041Z] > authorizing via signed-in user
[info] i  emulators: Starting emulators: functions
[warn] !  emulators: It seems that you are running multiple instances of the emulator suite for project team1604-e68a9. This may result in unexpected behavior.
[debug] [2020-03-28T14:12:42.120Z] [hub] writing locator at C:\Users\admin\AppData\Local\Temp\hub-team1604-e68a9.json
[info] +  hub: emulator hub started at http://localhost:4400
[warn] !  Your requested "node" version "8" doesn't match your global version "13"
[info] +  functions: functions emulator started at http://localhost:5001
[info] i  functions: Watching "C:\Users\admin\Documents\RowdyHacks\rowdyhacks2020\functions" for Cloud Functions...
[debug] [2020-03-28T14:12:44.172Z] [worker-pool] addWorker(~diagnostic~)
[debug] [2020-03-28T14:12:44.172Z] [worker-pool] Adding worker with key ~diagnostic~, total=1
[debug] [2020-03-28T14:12:44.173Z] [worker-pool] submitWork(triggerId=)
[debug] [2020-03-28T14:12:44.173Z] [worker-~diagnostic~-d39a8029-472e-49e9-a81d-6c83b2f17d9d]: Assigning socketPath: \\?\pipe\C:\Users\admin\Documents\RowdyHacks\rowdyhacks2020\functions\12360
[debug] [2020-03-28T14:12:44.173Z] [worker-~diagnostic~-d39a8029-472e-49e9-a81d-6c83b2f17d9d]: BUSY
[debug] [2020-03-28T14:12:44.542Z] [runtime-status] [12360] Functions runtime initialized. {"cwd":"C:\\Users\\admin\\Documents\\RowdyHacks\\rowdyhacks2020\\functions","node_version":"13.11.0"}
[debug] [2020-03-28T14:12:44.543Z] [runtime-status] [12360] Disabled runtime features: undefined
[debug] [2020-03-28T14:12:44.545Z] [runtime-status] [12360] Resolved module firebase-admin {"declared":true,"installed":true,"version":"8.10.0","resolution":"C:\\Users\\admin\\Documents\\RowdyHacks\\rowdyhacks2020\\functions\\node_modules\\firebase-admin\\lib\\index.js"}
[debug] [2020-03-28T14:12:44.547Z] [runtime-status] [12360] Resolved module firebase-functions {"declared":true,"installed":true,"version":"3.5.0","resolution":"C:\\Users\\admin\\Documents\\RowdyHacks\\rowdyhacks2020\\functions\\node_modules\\firebase-functions\\lib\\index.js"}
[debug] [2020-03-28T14:12:44.816Z] [runtime-status] [12360] Found google-gax at C:\Users\admin\Documents\RowdyHacks\rowdyhacks2020\functions\node_modules\google-gax\build\src\index.js
[debug] [2020-03-28T14:12:44.816Z] [runtime-status] [12360] Outgoing network have been stubbed. [{"name":"http","status":"mocked"},{"name":"http","status":"mocked"},{"name":"https","status":"mocked"},{"name":"https","status":"mocked"},{"name":"net","status":"mocked"},{"name":"google-gax","status":"mocked"}]
[debug] [2020-03-28T14:12:44.869Z] [runtime-status] [12360] Checked functions.config() {"config":{}}
[debug] [2020-03-28T14:12:44.870Z] [runtime-status] [12360] Resolved module firebase-functions {"declared":true,"installed":true,"version":"3.5.0","resolution":"C:\\Users\\admin\\Documents\\RowdyHacks\\rowdyhacks2020\\functions\\node_modules\\firebase-functions\\lib\\index.js"}
[debug] [2020-03-28T14:12:44.871Z] [runtime-status] [12360] Resolved module firebase-admin {"declared":true,"installed":true,"version":"8.10.0","resolution":"C:\\Users\\admin\\Documents\\RowdyHacks\\rowdyhacks2020\\functions\\node_modules\\firebase-admin\\lib\\index.js"}
[debug] [2020-03-28T14:12:44.872Z] [runtime-status] [12360] Resolved module firebase-functions {"declared":true,"installed":true,"version":"3.5.0","resolution":"C:\\Users\\admin\\Documents\\RowdyHacks\\rowdyhacks2020\\functions\\node_modules\\firebase-functions\\lib\\index.js"}
[debug] [2020-03-28T14:12:44.921Z] [runtime-status] [12360] firebase-admin has been stubbed. {"adminResolution":{"declared":true,"installed":true,"version":"8.10.0","resolution":"C:\\Users\\admin\\Documents\\RowdyHacks\\rowdyhacks2020\\functions\\node_modules\\firebase-admin\\lib\\index.js"}}
[info] +  functions[api]: http function initialized (http://localhost:5001/team1604-e68a9/us-central1/api).
[info] +  emulators: All emulators started, it is now safe to connect.
[debug] [2020-03-28T14:12:45.039Z] [worker-~diagnostic~-d39a8029-472e-49e9-a81d-6c83b2f17d9d]: IDLE
[debug] [2020-03-28T14:12:48.881Z] [work-queue] {"queueLength":1,"workRunningCount":0}
[debug] [2020-03-28T14:12:48.881Z] [work-queue] {"queueLength":0,"workRunningCount":1}
[debug] [2020-03-28T14:12:48.882Z] Accepted request GET /team1604-e68a9/us-central1/api/helloWorld --> api
[debug] [2020-03-28T14:12:48.891Z] [worker-pool] addWorker(api)
[debug] [2020-03-28T14:12:48.891Z] [worker-pool] Adding worker with key api, total=1
[debug] [2020-03-28T14:12:48.891Z] [worker-pool] submitWork(triggerId=api)
[debug] [2020-03-28T14:12:48.891Z] [worker-api-41490abb-ee1c-442f-995d-7ee2a037f6ed]: Assigning socketPath: \\?\pipe\C:\Users\admin\Documents\RowdyHacks\rowdyhacks2020\functions\25720
[debug] [2020-03-28T14:12:48.891Z] [worker-api-41490abb-ee1c-442f-995d-7ee2a037f6ed]: BUSY
[debug] [2020-03-28T14:12:49.508Z] [runtime-status] [25720] Functions runtime initialized. {"cwd":"C:\\Users\\admin\\Documents\\RowdyHacks\\rowdyhacks2020\\functions","node_version":"13.11.0"}
[debug] [2020-03-28T14:12:49.509Z] [runtime-status] [25720] Disabled runtime features: undefined
[debug] [2020-03-28T14:12:49.513Z] [runtime-status] [25720] Resolved module firebase-admin {"declared":true,"installed":true,"version":"8.10.0","resolution":"C:\\Users\\admin\\Documents\\RowdyHacks\\rowdyhacks2020\\functions\\node_modules\\firebase-admin\\lib\\index.js"}
[debug] [2020-03-28T14:12:49.515Z] [runtime-status] [25720] Resolved module firebase-functions {"declared":true,"installed":true,"version":"3.5.0","resolution":"C:\\Users\\admin\\Documents\\RowdyHacks\\rowdyhacks2020\\functions\\node_modules\\firebase-functions\\lib\\index.js"}
[debug] [2020-03-28T14:12:49.807Z] [runtime-status] [25720] Found google-gax at C:\Users\admin\Documents\RowdyHacks\rowdyhacks2020\functions\node_modules\google-gax\build\src\index.js
[debug] [2020-03-28T14:12:49.808Z] [runtime-status] [25720] Outgoing network have been stubbed. [{"name":"http","status":"mocked"},{"name":"http","status":"mocked"},{"name":"https","status":"mocked"},{"name":"https","status":"mocked"},{"name":"net","status":"mocked"},{"name":"google-gax","status":"mocked"}]
[debug] [2020-03-28T14:12:49.863Z] [runtime-status] [25720] Checked functions.config() {"config":{}}
[debug] [2020-03-28T14:12:49.864Z] [runtime-status] [25720] Resolved module firebase-functions {"declared":true,"installed":true,"version":"3.5.0","resolution":"C:\\Users\\admin\\Documents\\RowdyHacks\\rowdyhacks2020\\functions\\node_modules\\firebase-functions\\lib\\index.js"}
[debug] [2020-03-28T14:12:49.865Z] [runtime-status] [25720] Resolved module firebase-admin {"declared":true,"installed":true,"version":"8.10.0","resolution":"C:\\Users\\admin\\Documents\\RowdyHacks\\rowdyhacks2020\\functions\\node_modules\\firebase-admin\\lib\\index.js"}
[debug] [2020-03-28T14:12:49.866Z] [runtime-status] [25720] Resolved module firebase-functions {"declared":true,"installed":true,"version":"3.5.0","resolution":"C:\\Users\\admin\\Documents\\RowdyHacks\\rowdyhacks2020\\functions\\node_modules\\firebase-functions\\lib\\index.js"}
[debug] [2020-03-28T14:12:49.921Z] [runtime-status] [25720] firebase-admin has been stubbed. {"adminResolution":{"declared":true,"installed":true,"version":"8.10.0","resolution":"C:\\Users\\admin\\Documents\\RowdyHacks\\rowdyhacks2020\\functions\\node_modules\\firebase-admin\\lib\\index.js"}}
[debug] [2020-03-28T14:12:50.076Z] [runtime-status] [25720] Trigger "api" has been found, beginning invocation!
[info] i  functions: Beginning execution of "api"
[debug] [2020-03-28T14:12:50.079Z] [runtime-status] [25720] triggerDefinition {"httpsTrigger":{},"name":"api","entryPoint":"api"}
[debug] [2020-03-28T14:12:50.079Z] [runtime-status] [25720] Running api in mode HTTPS
[debug] [2020-03-28T14:12:50.084Z] [runtime-status] [25720] Attempting to listen to socketPath: \\?\pipe\C:\Users\admin\Documents\RowdyHacks\rowdyhacks2020\functions\25720
[debug] [2020-03-28T14:12:50.087Z] [functions] Runtime ready! Sending request!
[debug] [2020-03-28T14:12:50.111Z] [runtime-status] [25720] Ephemeral server handling GET request
[info] >  helloworld!
[debug] [2020-03-28T14:12:50.136Z] [runtime-status] [25720] Ephemeral server survived.
[info] i  functions: Finished "api" in ~1s
[debug] [2020-03-28T14:12:50.151Z] [worker-api-41490abb-ee1c-442f-995d-7ee2a037f6ed]: IDLE
[debug] [2020-03-28T14:12:50.151Z] [work-queue] {"queueLength":0,"workRunningCount":0}
[debug] [2020-03-28T14:12:52.376Z] [work-queue] {"queueLength":1,"workRunningCount":0}
[debug] [2020-03-28T14:12:52.376Z] [work-queue] {"queueLength":0,"workRunningCount":1}
[debug] [2020-03-28T14:12:52.376Z] Accepted request GET /team1604-e68a9/us-central1/api/helloWorld --> api
[debug] [2020-03-28T14:12:52.376Z] [worker-pool] submitWork(triggerId=api)
[debug] [2020-03-28T14:12:52.376Z] [worker-api-41490abb-ee1c-442f-995d-7ee2a037f6ed]: Assigning socketPath: \\?\pipe\C:\Users\admin\Documents\RowdyHacks\rowdyhacks2020\functions\25720
[debug] [2020-03-28T14:12:52.376Z] [worker-api-41490abb-ee1c-442f-995d-7ee2a037f6ed]: BUSY
[debug] [2020-03-28T14:12:52.377Z] [runtime-status] [25720] Trigger "api" has been found, beginning invocation!
[info] i  functions: Beginning execution of "api"
[debug] [2020-03-28T14:12:52.379Z] [runtime-status] [25720] triggerDefinition {"httpsTrigger":{},"name":"api","entryPoint":"api"}
[debug] [2020-03-28T14:12:52.379Z] [runtime-status] [25720] Running api in mode HTTPS
[debug] [2020-03-28T14:12:52.379Z] [runtime-status] [25720] Attempting to listen to socketPath: \\?\pipe\C:\Users\admin\Documents\RowdyHacks\rowdyhacks2020\functions\25720
[debug] [2020-03-28T14:12:52.380Z] [functions] Runtime ready! Sending request!
[debug] [2020-03-28T14:12:52.383Z] [runtime-status] [25720] Ephemeral server handling GET request
[info] >  helloworld!
[debug] [2020-03-28T14:12:52.392Z] [runtime-status] [25720] Ephemeral server survived.
[info] i  functions: Finished "api" in ~1s
[debug] [2020-03-28T14:12:52.393Z] [worker-api-41490abb-ee1c-442f-995d-7ee2a037f6ed]: IDLE
[debug] [2020-03-28T14:12:52.393Z] [work-queue] {"queueLength":0,"workRunningCount":0}
[debug] [2020-03-28T14:18:26.736Z] [work-queue] {"queueLength":1,"workRunningCount":0}
[debug] [2020-03-28T14:18:26.736Z] [work-queue] {"queueLength":0,"workRunningCount":1}
[debug] [2020-03-28T14:18:26.736Z] Accepted request GET /team1604-e68a9/us-central1/api/helloWorld --> api
[debug] [2020-03-28T14:18:26.736Z] [worker-pool] submitWork(triggerId=api)
[debug] [2020-03-28T14:18:26.736Z] [worker-api-41490abb-ee1c-442f-995d-7ee2a037f6ed]: Assigning socketPath: \\?\pipe\C:\Users\admin\Documents\RowdyHacks\rowdyhacks2020\functions\25720
[debug] [2020-03-28T14:18:26.736Z] [worker-api-41490abb-ee1c-442f-995d-7ee2a037f6ed]: BUSY
[debug] [2020-03-28T14:18:26.738Z] [runtime-status] [25720] Trigger "api" has been found, beginning invocation!
[info] i  functions: Beginning execution of "api"
[debug] [2020-03-28T14:18:26.739Z] [runtime-status] [25720] triggerDefinition {"httpsTrigger":{},"name":"api","entryPoint":"api"}
[debug] [2020-03-28T14:18:26.739Z] [runtime-status] [25720] Running api in mode HTTPS
[debug] [2020-03-28T14:18:26.739Z] [runtime-status] [25720] Attempting to listen to socketPath: \\?\pipe\C:\Users\admin\Documents\RowdyHacks\rowdyhacks2020\functions\25720
[debug] [2020-03-28T14:18:26.741Z] [functions] Runtime ready! Sending request!
[debug] [2020-03-28T14:18:26.745Z] [runtime-status] [25720] Ephemeral server handling GET request
[info] >  helloworld!
[debug] [2020-03-28T14:18:26.757Z] [runtime-status] [25720] Ephemeral server survived.
[info] i  functions: Finished "api" in ~1s
[debug] [2020-03-28T14:18:26.759Z] [worker-api-41490abb-ee1c-442f-995d-7ee2a037f6ed]: IDLE
[debug] [2020-03-28T14:18:26.760Z] [work-queue] {"queueLength":0,"workRunningCount":0}
